2026-02-05 23:47:25.331 [info] Started initializing default profile extensions in extensions installation folder. file:///vercel/share/.local/share/code-server/extensions
2026-02-05 23:47:25.403 [info] Completed initializing default profile extensions in extensions installation folder. file:///vercel/share/.local/share/code-server/extensions
2026-02-05 23:47:25.720 [info] Getting Manifest... svelte.svelte-vscode
2026-02-05 23:47:25.720 [info] Getting Manifest... astro-build.astro-vscode
2026-02-05 23:47:25.720 [info] Getting Manifest... ms-python.python
2026-02-05 23:47:25.720 [info] Getting Manifest... bradlc.vscode-tailwindcss
2026-02-05 23:47:25.720 [info] Getting Manifest... vue.volar
2026-02-05 23:47:25.808 [info] Installing extension: astro-build.astro-vscode {"isMachineScoped":false,"installPreReleaseVersion":false,"donotIncludePackAndDependencies":false,"isBuiltin":false,"installGivenVersion":false,"isApplicationScoped":false,"profileLocation":{"$mid":1,"fsPath":"/vercel/share/.local/share/code-server/extensions/extensions.json","external":"file:///vercel/share/.local/share/code-server/extensions/extensions.json","path":"/vercel/share/.local/share/code-server/extensions/extensions.json","scheme":"file"},"productVersion":{"version":"1.108.1","date":"2026-02-05T22:04:08.101Z"}}
2026-02-05 23:47:25.808 [info] Installing extension: bradlc.vscode-tailwindcss {"isMachineScoped":false,"installPreReleaseVersion":false,"donotIncludePackAndDependencies":false,"isBuiltin":false,"installGivenVersion":false,"isApplicationScoped":false,"profileLocation":{"$mid":1,"fsPath":"/vercel/share/.local/share/code-server/extensions/extensions.json","external":"file:///vercel/share/.local/share/code-server/extensions/extensions.json","path":"/vercel/share/.local/share/code-server/extensions/extensions.json","scheme":"file"},"productVersion":{"version":"1.108.1","date":"2026-02-05T22:04:08.101Z"}}
2026-02-05 23:47:25.808 [info] Installing extension: svelte.svelte-vscode {"isMachineScoped":false,"installPreReleaseVersion":false,"donotIncludePackAndDependencies":false,"isBuiltin":false,"installGivenVersion":false,"isApplicationScoped":false,"profileLocation":{"$mid":1,"fsPath":"/vercel/share/.local/share/code-server/extensions/extensions.json","external":"file:///vercel/share/.local/share/code-server/extensions/extensions.json","path":"/vercel/share/.local/share/code-server/extensions/extensions.json","scheme":"file"},"productVersion":{"version":"1.108.1","date":"2026-02-05T22:04:08.101Z"}}
2026-02-05 23:47:25.808 [info] Installing extension: vue.volar {"isMachineScoped":false,"installPreReleaseVersion":false,"donotIncludePackAndDependencies":false,"isBuiltin":false,"installGivenVersion":false,"isApplicationScoped":false,"profileLocation":{"$mid":1,"fsPath":"/vercel/share/.local/share/code-server/extensions/extensions.json","external":"file:///vercel/share/.local/share/code-server/extensions/extensions.json","path":"/vercel/share/.local/share/code-server/extensions/extensions.json","scheme":"file"},"productVersion":{"version":"1.108.1","date":"2026-02-05T22:04:08.101Z"}}
2026-02-05 23:47:25.808 [info] Installing extension: ms-python.python {"isMachineScoped":false,"installPreReleaseVersion":false,"donotIncludePackAndDependencies":false,"isBuiltin":false,"installGivenVersion":false,"isApplicationScoped":false,"profileLocation":{"$mid":1,"fsPath":"/vercel/share/.local/share/code-server/extensions/extensions.json","external":"file:///vercel/share/.local/share/code-server/extensions/extensions.json","path":"/vercel/share/.local/share/code-server/extensions/extensions.json","scheme":"file"},"productVersion":{"version":"1.108.1","date":"2026-02-05T22:04:08.101Z"}}
2026-02-05 23:47:26.037 [info] Getting Manifest... ms-python.vscode-python-envs
2026-02-05 23:47:26.068 [info] Getting Manifest... ms-python.debugpy
2026-02-05 23:47:26.099 [info] Installing extension: ms-python.vscode-python-envs {"isMachineScoped":false,"installPreReleaseVersion":false,"donotIncludePackAndDependencies":false,"isBuiltin":false,"installGivenVersion":false,"isApplicationScoped":false,"profileLocation":{"$mid":1,"fsPath":"/vercel/share/.local/share/code-server/extensions/extensions.json","external":"file:///vercel/share/.local/share/code-server/extensions/extensions.json","path":"/vercel/share/.local/share/code-server/extensions/extensions.json","scheme":"file"},"productVersion":{"version":"1.108.1","date":"2026-02-05T22:04:08.101Z"},"pinned":false,"context":{"dependecyOrPackExtensionInstall":true}}
2026-02-05 23:47:26.099 [info] Installing extension: ms-python.debugpy {"isMachineScoped":false,"installPreReleaseVersion":false,"donotIncludePackAndDependencies":false,"isBuiltin":false,"installGivenVersion":false,"isApplicationScoped":false,"profileLocation":{"$mid":1,"fsPath":"/vercel/share/.local/share/code-server/extensions/extensions.json","external":"file:///vercel/share/.local/share/code-server/extensions/extensions.json","path":"/vercel/share/.local/share/code-server/extensions/extensions.json","scheme":"file"},"productVersion":{"version":"1.108.1","date":"2026-02-05T22:04:08.101Z"},"pinned":false,"context":{"dependecyOrPackExtensionInstall":true}}
2026-02-05 23:47:26.393 [info] Extracted extension to file:///vercel/share/.local/share/code-server/extensions/ms-python.vscode-python-envs-1.16.0-universal: ms-python.vscode-python-envs
2026-02-05 23:47:26.397 [info] Extracted extension to file:///vercel/share/.local/share/code-server/extensions/vue.volar-3.2.4-universal: vue.volar
2026-02-05 23:47:26.402 [info] Extracted extension to file:///vercel/share/.local/share/code-server/extensions/bradlc.vscode-tailwindcss-0.14.28-universal: bradlc.vscode-tailwindcss
2026-02-05 23:47:26.404 [info] Renamed to /vercel/share/.local/share/code-server/extensions/ms-python.vscode-python-envs-1.16.0-universal
2026-02-05 23:47:26.405 [info] Renamed to /vercel/share/.local/share/code-server/extensions/vue.volar-3.2.4-universal
2026-02-05 23:47:26.408 [info] Renamed to /vercel/share/.local/share/code-server/extensions/bradlc.vscode-tailwindcss-0.14.28-universal
2026-02-05 23:47:26.724 [info] Extracted extension to file:///vercel/share/.local/share/code-server/extensions/astro-build.astro-vscode-0.24.3-linux-x64: astro-build.astro-vscode
2026-02-05 23:47:26.737 [info] Renamed to /vercel/share/.local/share/code-server/extensions/astro-build.astro-vscode-0.24.3-linux-x64
2026-02-05 23:47:27.187 [info] Extracted extension to file:///vercel/share/.local/share/code-server/extensions/ms-python.debugpy-2024.0.0-linux-x64: ms-python.debugpy
2026-02-05 23:47:27.210 [info] Renamed to /vercel/share/.local/share/code-server/extensions/ms-python.debugpy-2024.0.0-linux-x64
2026-02-05 23:47:27.529 [info] Extracted extension to file:///vercel/share/.local/share/code-server/extensions/ms-python.python-2026.0.0-universal: ms-python.python
2026-02-05 23:47:27.589 [info] Renamed to /vercel/share/.local/share/code-server/extensions/ms-python.python-2026.0.0-universal
2026-02-05 23:47:27.917 [info] Extracted extension to file:///vercel/share/.local/share/code-server/extensions/svelte.svelte-vscode-109.13.0-universal: svelte.svelte-vscode
2026-02-05 23:47:27.988 [info] Renamed to /vercel/share/.local/share/code-server/extensions/svelte.svelte-vscode-109.13.0-universal
2026-02-05 23:47:27.994 [info] Extension installed successfully: ms-python.vscode-python-envs file:///vercel/share/.local/share/code-server/extensions/extensions.json
2026-02-05 23:47:27.994 [info] Extension installed successfully: vue.volar file:///vercel/share/.local/share/code-server/extensions/extensions.json
2026-02-05 23:47:27.994 [info] Extension installed successfully: bradlc.vscode-tailwindcss file:///vercel/share/.local/share/code-server/extensions/extensions.json
2026-02-05 23:47:27.994 [info] Extension installed successfully: astro-build.astro-vscode file:///vercel/share/.local/share/code-server/extensions/extensions.json
2026-02-05 23:47:27.994 [info] Extension installed successfully: ms-python.debugpy file:///vercel/share/.local/share/code-server/extensions/extensions.json
2026-02-05 23:47:27.994 [info] Extension installed successfully: ms-python.python file:///vercel/share/.local/share/code-server/extensions/extensions.json
2026-02-05 23:47:27.994 [info] Extension installed successfully: svelte.svelte-vscode file:///vercel/share/.local/share/code-server/extensions/extensions.json
